<component name="libraryTable">
  <library name="junit-4.13">
    <CLASSES>
      <root url="jar://$USER_HOME$/Desktop/UNIPD/SI/Software JUnit-20210422/junit-4.13.jar!/" />
      <root url="jar://$USER_HOME$/Desktop/UNIPD/SI/Software JUnit-20210422/hamcrest-core-1.3.jar!/" />
    </CLASSES>
    <JAVADOC>
      <root url="jar://$USER_HOME$/Desktop/UNIPD/SI/Software JUnit-20210422/hamcrest-core-1.3-javadoc.jar!/" />
      <root url="jar://$USER_HOME$/Desktop/UNIPD/SI/Software JUnit-20210422/junit-4.13-javadoc.jar!/" />
    </JAVADOC>
    <SOURCES />
  </library>
</component>